<?xml version="1.0" encoding="UTF-8"?>
<!-- Generated by org.testng.reporters.JUnitReportReporter -->
<testsuite skipped="0" hostname="LAPTOP-FDIBJU8L" name="com.assignment.testCases.TC_LoginTest_001" tests="1" failures="0" timestamp="21 Aug 2020 06:33:22 GMT" time="21.035" errors="0">
  <testcase name="loginTest" time="21.035" classname="com.assignment.testCases.TC_LoginTest_001"/>
</testsuite> <!-- com.assignment.testCases.TC_LoginTest_001 -->
